UmbrellaApplicationProject/app/build/intermediates/manifest_merge_blame_file/debug/manifest-merger-blame-debug-report.txt
1<?xml version="1.0" encoding="utf-8"?>
2<manifest xmlns:android="http://schemas.android.com/apk/res/android"
3    package="com.example.umbrellaapplicationproject"
4    android:versionCode="1"
5    android:versionName="1.0" >
6
7    <uses-sdk
8        android:minSdkVersion="15"
8-->src\main\AndroidManifest.xml
9        android:targetSdkVersion="29" />
9-->src\main\AndroidManifest.xml
10
11    <uses-permission android:name="android.permission.INTERNET" />
11-->src\main\AndroidManifest.xml:4:5-67
11-->src\main\AndroidManifest.xml:4:22-64
12
13    <application
13-->src\main\AndroidManifest.xml:5:5-28:19
14        android:allowBackup="true"
14-->src\main\AndroidManifest.xml:6:9-35
15        android:appComponentFactory="androidx.core.app.CoreComponentFactory"
15-->[androidx.core:core:1.0.1] AndroidManifest.xml:22:18-86
16        android:debuggable="true"
17        android:icon="@drawable/app_icon"
17-->src\main\AndroidManifest.xml:7:9-42
18        android:label="@string/app_name"
18-->src\main\AndroidManifest.xml:8:9-41
19        android:roundIcon="@mipmap/ic_launcher_round"
19-->src\main\AndroidManifest.xml:9:9-54
20        android:supportsRtl="true"
20-->src\main\AndroidManifest.xml:10:9-35
21        android:testOnly="true"
22        android:theme="@style/Theme.AppCompat.DayNight.NoActionBar"
22-->src\main\AndroidManifest.xml:11:9-68
23        android:usesCleartextTraffic="true" >
23-->src\main\AndroidManifest.xml:12:9-44
24        <activity android:name="com.example.umbrellaapplicationproject.LoadingActivity" >
24-->src\main\AndroidManifest.xml:13:9-18:20
24-->src\main\AndroidManifest.xml:13:19-50
25            <intent-filter>
25-->src\main\AndroidManifest.xml:14:13-17:29
26                <action android:name="android.intent.action.MAIN" />
26-->src\main\AndroidManifest.xml:15:17-69
26-->src\main\AndroidManifest.xml:15:25-66
27
28                <category android:name="android.intent.category.LAUNCHER" />
28-->src\main\AndroidManifest.xml:16:17-77
28-->src\main\AndroidManifest.xml:16:27-74
29            </intent-filter>
30        </activity>
31        <activity android:name="com.example.umbrellaapplicationproject.MainActivity" />
31-->src\main\AndroidManifest.xml:19:9-59
31-->src\main\AndroidManifest.xml:19:19-47
32
33        <receiver
33-->src\main\AndroidManifest.xml:21:9-27:20
34            android:name="com.example.umbrellaapplicationproject.AlarmReceiver"
34-->src\main\AndroidManifest.xml:22:13-42
35            android:exported="true" >
35-->src\main\AndroidManifest.xml:23:13-36
36            <intent-filter>
36-->src\main\AndroidManifest.xml:24:13-26:29
37                <action android:name="com.example.umbrellaapplicationproject.ALARM_START" />
37-->src\main\AndroidManifest.xml:25:17-93
37-->src\main\AndroidManifest.xml:25:25-90
38            </intent-filter>
39        </receiver>
40    </application>
41
42</manifest>